<?xml version="1.0" encoding="UTF-8"?>
<testsuite name="Add Failed Transactions" tests="2" skipped="0" failures="0" errors="0" timestamp="2022-11-13T23:06:12" hostname="ethanAir.modem" time="0.004">
  <properties/>
  <testcase name="Anonymous User" classname="vendingMachineSystem.model.TransactionModelTest$FailedTransactions" time="0.001"/>
  <testcase name="Normal User" classname="vendingMachineSystem.model.TransactionModelTest$FailedTransactions" time="0.003"/>
  <system-out><![CDATA[]]></system-out>
  <system-err><![CDATA[]]></system-err>
</testsuite>
