<?xml version="1.0" encoding="UTF-8"?>
<testsuite name="vendingMachineSystem.controller.RestockStateTest" tests="5" skipped="0" failures="0" errors="0" timestamp="2022-11-13T23:06:04" hostname="ethanAir.modem" time="0.119">
  <properties/>
  <testcase name="testGetItemName()" classname="vendingMachineSystem.controller.RestockStateTest" time="0.041"/>
  <testcase name="testRun()" classname="vendingMachineSystem.controller.RestockStateTest" time="0.037"/>
  <testcase name="testChangeItemByID()" classname="vendingMachineSystem.controller.RestockStateTest" time="0.011"/>
  <testcase name="Change To Logged In Page" classname="vendingMachineSystem.controller.RestockStateTest" time="0.011"/>
  <testcase name="testUpdateItemID()" classname="vendingMachineSystem.controller.RestockStateTest" time="0.015"/>
  <system-out><![CDATA[]]></system-out>
  <system-err><![CDATA[]]></system-err>
</testsuite>
