<?xml version="1.0" encoding="UTF-8"?>
<testsuite name="vendingMachineSystem.model.ChangeModelTest" tests="2" skipped="0" failures="0" errors="0" timestamp="2022-11-13T23:06:12" hostname="ethanAir.modem" time="0.009">
  <properties/>
  <testcase name="testUpdateCash()" classname="vendingMachineSystem.model.ChangeModelTest" time="0.006"/>
  <testcase name="testGetAllCash()" classname="vendingMachineSystem.model.ChangeModelTest" time="0.002"/>
  <system-out><![CDATA[]]></system-out>
  <system-err><![CDATA[]]></system-err>
</testsuite>
