<?xml version="1.0" encoding="UTF-8"?>
<testsuite name="vendingMachineSystem.controller.CardPaymentStateTest" tests="8" skipped="0" failures="0" errors="0" timestamp="2022-11-13T23:06:03" hostname="ethanAir.modem" time="0.385">
  <properties/>
  <testcase name="No Timeout" classname="vendingMachineSystem.controller.CardPaymentStateTest" time="0.04"/>
  <testcase name="Timeout" classname="vendingMachineSystem.controller.CardPaymentStateTest" time="0.066"/>
  <testcase name="Get card stored by user" classname="vendingMachineSystem.controller.CardPaymentStateTest" time="0.029"/>
  <testcase name="calculateTotal" classname="vendingMachineSystem.controller.CardPaymentStateTest" time="0.042"/>
  <testcase name="Get username" classname="vendingMachineSystem.controller.CardPaymentStateTest" time="0.041"/>
  <testcase name="Get card number" classname="vendingMachineSystem.controller.CardPaymentStateTest" time="0.029"/>
  <testcase name="Finish Transaction" classname="vendingMachineSystem.controller.CardPaymentStateTest" time="0.052"/>
  <testcase name="Return To purchase Page" classname="vendingMachineSystem.controller.CardPaymentStateTest" time="0.066"/>
  <system-out><![CDATA[]]></system-out>
  <system-err><![CDATA[]]></system-err>
</testsuite>
